<?xml version="1.0" encoding="UTF-8"?>
<robot generator="Robot 4.1.3 (Python 3.9.5 on win32)" generated="20211228 23:42:37.281" rpa="false" schemaversion="2">
<suite id="s1" name="Tests" source="C:\TeasyStructure\tests">
<suite id="s1-s1" name="testeExecute" source="C:\TeasyStructure\tests\testeExecute.robot">
<test id="s1-s1-t1" name="comprando um vestido">
<kw name="Start Test" library="hooks.page" type="SETUP">
<kw name="Open Browser" library="SeleniumLibrary">
<arg>url=${URL}</arg>
<arg>browser=${BROWSER}</arg>
<doc>Opens a new browser instance to the optional ``url``.</doc>
<msg timestamp="20211228 23:42:37.615" level="INFO">Opening browser 'chrome' to base url 'http://automationpractice.com/index.php'.</msg>
<status status="PASS" starttime="20211228 23:42:37.614" endtime="20211228 23:43:05.120"/>
</kw>
<kw name="Maximize Browser Window" library="SeleniumLibrary">
<doc>Maximizes current browser window.</doc>
<status status="PASS" starttime="20211228 23:43:05.120" endtime="20211228 23:43:05.270"/>
</kw>
<kw name="Set Selenium Implicit Wait" library="SeleniumLibrary">
<arg>${TIME_TO_WAIT}</arg>
<doc>Sets the implicit wait value used by Selenium.</doc>
<status status="PASS" starttime="20211228 23:43:05.270" endtime="20211228 23:43:05.274"/>
</kw>
<status status="PASS" starttime="20211228 23:42:37.613" endtime="20211228 23:43:05.275"/>
</kw>
<kw name="Acessar_o_login_do_automationpractice" library="comprandoVestido">
<kw name="Wait Until Element Is Visible" library="SeleniumLibrary">
<arg>locator=${SIGN-IN}</arg>
<arg>timeout=2</arg>
<doc>Waits until the element ``locator`` is visible.</doc>
<status status="PASS" starttime="20211228 23:43:05.279" endtime="20211228 23:43:05.336"/>
</kw>
<kw name="Click Element" library="SeleniumLibrary">
<arg>locator=${SIGN-IN}</arg>
<doc>Click the element identified by ``locator``.</doc>
<msg timestamp="20211228 23:43:05.337" level="INFO">Clicking element 'css:.login'.</msg>
<status status="PASS" starttime="20211228 23:43:05.336" endtime="20211228 23:43:07.635"/>
</kw>
<status status="PASS" starttime="20211228 23:43:05.278" endtime="20211228 23:43:07.635"/>
</kw>
<kw name="Fazer_login_no_automationpractice" library="comprandoVestido">
<kw name="Wait Until Element Is Visible" library="SeleniumLibrary">
<arg>locator=${EMAIL}</arg>
<arg>timeout=2</arg>
<doc>Waits until the element ``locator`` is visible.</doc>
<status status="PASS" starttime="20211228 23:43:07.638" endtime="20211228 23:43:07.674"/>
</kw>
<kw name="Input Text" library="SeleniumLibrary">
<arg>locator=${EMAIL}</arg>
<arg>text=${acesso.username}</arg>
<doc>Types the given ``text`` into the text field identified by ``locator``.</doc>
<msg timestamp="20211228 23:43:07.676" level="INFO">Typing text 'raphaelpalhano@gmail.com' into text field 'id:email'.</msg>
<status status="PASS" starttime="20211228 23:43:07.674" endtime="20211228 23:43:07.854"/>
</kw>
<kw name="Input Text" library="SeleniumLibrary">
<arg>locator=${PASSWORD}</arg>
<arg>text=${acesso.passowrd}</arg>
<doc>Types the given ``text`` into the text field identified by ``locator``.</doc>
<msg timestamp="20211228 23:43:07.857" level="INFO">Typing text 'coca123' into text field 'id:passwd'.</msg>
<status status="PASS" starttime="20211228 23:43:07.855" endtime="20211228 23:43:07.995"/>
</kw>
<kw name="Click Button" library="SeleniumLibrary">
<arg>locator=${BUTTON-LOGIN}</arg>
<doc>Clicks the button identified by ``locator``.</doc>
<msg timestamp="20211228 23:43:07.995" level="INFO">Clicking button 'id:SubmitLogin'.</msg>
<status status="PASS" starttime="20211228 23:43:07.995" endtime="20211228 23:43:09.715"/>
</kw>
<status status="PASS" starttime="20211228 23:43:07.637" endtime="20211228 23:43:09.716"/>
</kw>
<kw name="Finish Test" library="hooks.page" type="TEARDOWN">
<kw name="Capture Page Screenshot" library="SeleniumLibrary">
<doc>Takes a screenshot of the current page and embeds it into a log file.</doc>
<msg timestamp="20211228 23:43:09.967" level="INFO" html="true">&lt;/td&gt;&lt;/tr&gt;&lt;tr&gt;&lt;td colspan="3"&gt;&lt;a href="selenium-screenshot-6.png"&gt;&lt;img src="selenium-screenshot-6.png" width="800px"&gt;&lt;/a&gt;</msg>
<status status="PASS" starttime="20211228 23:43:09.718" endtime="20211228 23:43:09.967"/>
</kw>
<kw name="Close Browser" library="SeleniumLibrary">
<doc>Closes the current browser.</doc>
<status status="PASS" starttime="20211228 23:43:09.967" endtime="20211228 23:43:14.318"/>
</kw>
<status status="PASS" starttime="20211228 23:43:09.717" endtime="20211228 23:43:14.318"/>
</kw>
<status status="PASS" starttime="20211228 23:42:37.612" endtime="20211228 23:43:14.319"/>
</test>
<status status="PASS" starttime="20211228 23:42:37.314" endtime="20211228 23:43:14.324"/>
</suite>
<status status="PASS" starttime="20211228 23:42:37.285" endtime="20211228 23:43:14.333"/>
</suite>
<statistics>
<total>
<stat pass="1" fail="0" skip="0">All Tests</stat>
</total>
<tag>
</tag>
<suite>
<stat pass="1" fail="0" skip="0" id="s1" name="Tests">Tests</stat>
<stat pass="1" fail="0" skip="0" id="s1-s1" name="testeExecute">Tests.testeExecute</stat>
</suite>
</statistics>
<errors>
</errors>
</robot>
